<?xml version="1.0" encoding="UTF-8"?>
  <testsuite name="ClusterLoaderV2" tests="0" failures="6" errors="0" time="10266.954">
      <testcase name="load overall (/opt/rke2/perf-tests/tests/load/config.yaml)" classname="ClusterLoaderV2" time="10266.954218491">
          <failure type="Failure">:0&#xA;[measurement call TestMetrics - TestMetrics error: [Stream error http2.StreamError{StreamID:0x47, Code:0x2, Cause:error(nil)} when reading response body, may be caused by closed connection. Please retry.]&#xA;measurement call WaitForControlledPodsRunning - WaitForRunningDeployments error: 41 objects timed out: Deployments: test-zv7syd-3/small-deployment-118, test-zv7syd-7/small-deployment-189, test-zv7syd-6/small-deployment-259, test-zv7syd-2/small-deployment-166, test-zv7syd-7/small-deployment-58, test-zv7syd-1/small-deployment-27, test-zv7syd-9/small-deployment-243, test-zv7syd-4/small-deployment-157, test-zv7syd-6/small-deployment-242, test-zv7syd-3/small-deployment-0, test-zv7syd-9/small-deployment-159, test-zv7syd-7/small-deployment-27, test-zv7syd-3/small-deployment-198, test-zv7syd-7/small-deployment-172, test-zv7syd-2/small-deployment-137, test-zv7syd-5/small-deployment-125, test-zv7syd-5/small-deployment-277, test-zv7syd-6/small-deployment-168, test-zv7syd-7/small-deployment-124, test-zv7syd-9/small-deployment-103, test-zv7syd-1/small-deployment-70, test-zv7syd-1/small-deployment-68, test-zv7syd-1/small-deployment-91, test-zv7syd-8/small-deployment-196, test-zv7syd-6/medium-deployment-19, test-zv7syd-8/small-deployment-241, test-zv7syd-4/small-deployment-97, test-zv7syd-4/small-deployment-207, test-zv7syd-7/small-deployment-121, test-zv7syd-4/small-deployment-41, test-zv7syd-5/small-deployment-217, test-zv7syd-8/small-deployment-25, test-zv7syd-4/small-deployment-96, test-zv7syd-9/small-deployment-277, test-zv7syd-4/small-deployment-84, test-zv7syd-8/small-deployment-231, test-zv7syd-3/small-deployment-111, test-zv7syd-7/small-deployment-109, test-zv7syd-4/small-deployment-284, test-zv7syd-2/small-deployment-36, test-zv7syd-9/small-deployment-285&#xA;measurement call WaitForControlledPodsRunning - WaitForRunningDeployments error: 33 objects timed out: Deployments: test-zv7syd-8/small-deployment-66, test-zv7syd-6/small-deployment-50, test-zv7syd-1/medium-deployment-5, test-zv7syd-8/small-deployment-231, test-zv7syd-2/small-deployment-273, test-zv7syd-4/small-deployment-23, test-zv7syd-1/small-deployment-4, test-zv7syd-4/small-deployment-24, test-zv7syd-4/small-deployment-56, test-zv7syd-6/small-deployment-137, test-zv7syd-7/small-deployment-274, test-zv7syd-6/medium-deployment-2, test-zv7syd-9/small-deployment-24, test-zv7syd-2/small-deployment-163, test-zv7syd-8/small-deployment-187, test-zv7syd-1/small-deployment-173, test-zv7syd-7/small-deployment-27, test-zv7syd-3/small-deployment-285, test-zv7syd-7/small-deployment-268, test-zv7syd-9/small-deployment-247, test-zv7syd-3/small-deployment-205, test-zv7syd-9/small-deployment-287, test-zv7syd-1/small-deployment-68, test-zv7syd-5/small-deployment-115, test-zv7syd-1/small-deployment-91, test-zv7syd-4/small-deployment-178, test-zv7syd-4/small-deployment-174, test-zv7syd-7/small-deployment-208, test-zv7syd-5/small-deployment-79, test-zv7syd-2/small-deployment-61, test-zv7syd-3/small-deployment-153, test-zv7syd-3/small-deployment-255, test-zv7syd-5/small-deployment-43&#xA;measurement call WaitForControlledPodsRunning - WaitForRunningDeployments error: 21 objects timed out: Deployments: test-zv7syd-4/small-deployment-63, test-zv7syd-2/small-deployment-162, test-zv7syd-5/small-deployment-288, test-zv7syd-6/small-deployment-203, test-zv7syd-6/small-deployment-283, test-zv7syd-1/small-deployment-281, test-zv7syd-9/small-deployment-186, test-zv7syd-6/small-deployment-250, test-zv7syd-5/small-deployment-272, test-zv7syd-4/small-deployment-263, test-zv7syd-7/small-deployment-99, test-zv7syd-8/medium-deployment-3, test-zv7syd-3/small-deployment-218, test-zv7syd-6/small-deployment-151, test-zv7syd-2/small-deployment-129, test-zv7syd-5/small-deployment-279, test-zv7syd-5/small-deployment-193, test-zv7syd-1/small-deployment-116, test-zv7syd-7/small-deployment-272, test-zv7syd-1/small-deployment-167, test-zv7syd-5/small-deployment-28&#xA;measurement call PodStartupLatency - PodStartupLatency error: pod startup: too high latency 90th percentile: got 5h1m44.262764625s expected: 1h0m0s&#xA;measurement call TestMetrics - TestMetrics error: [start needs to be executed before gather]]&#xA;:0</failure>
      </testcase>
      <testcase name="load: [step: 01] Starting measurements" classname="ClusterLoaderV2" time="232.35034747">
          <failure type="Failure">:0&#xA;[measurement call TestMetrics - TestMetrics error: [Stream error http2.StreamError{StreamID:0x47, Code:0x2, Cause:error(nil)} when reading response body, may be caused by closed connection. Please retry.]]&#xA;:0</failure>
      </testcase>
      <testcase name="load: [step: 02] Creating SVCs" classname="ClusterLoaderV2" time="352.263383212"></testcase>
      <testcase name="load: [step: 03] Starting measurement for waiting for pods" classname="ClusterLoaderV2" time="0.200685024"></testcase>
      <testcase name="load: [step: 04] Creating objects" classname="ClusterLoaderV2" time="2699.34245114"></testcase>
      <testcase name="load: [step: 05] Waiting for pods to be running" classname="ClusterLoaderV2" time="708.53392902">
          <failure type="Failure">:0&#xA;[measurement call WaitForControlledPodsRunning - WaitForRunningDeployments error: 41 objects timed out: Deployments: test-zv7syd-3/small-deployment-118, test-zv7syd-7/small-deployment-189, test-zv7syd-6/small-deployment-259, test-zv7syd-2/small-deployment-166, test-zv7syd-7/small-deployment-58, test-zv7syd-1/small-deployment-27, test-zv7syd-9/small-deployment-243, test-zv7syd-4/small-deployment-157, test-zv7syd-6/small-deployment-242, test-zv7syd-3/small-deployment-0, test-zv7syd-9/small-deployment-159, test-zv7syd-7/small-deployment-27, test-zv7syd-3/small-deployment-198, test-zv7syd-7/small-deployment-172, test-zv7syd-2/small-deployment-137, test-zv7syd-5/small-deployment-125, test-zv7syd-5/small-deployment-277, test-zv7syd-6/small-deployment-168, test-zv7syd-7/small-deployment-124, test-zv7syd-9/small-deployment-103, test-zv7syd-1/small-deployment-70, test-zv7syd-1/small-deployment-68, test-zv7syd-1/small-deployment-91, test-zv7syd-8/small-deployment-196, test-zv7syd-6/medium-deployment-19, test-zv7syd-8/small-deployment-241, test-zv7syd-4/small-deployment-97, test-zv7syd-4/small-deployment-207, test-zv7syd-7/small-deployment-121, test-zv7syd-4/small-deployment-41, test-zv7syd-5/small-deployment-217, test-zv7syd-8/small-deployment-25, test-zv7syd-4/small-deployment-96, test-zv7syd-9/small-deployment-277, test-zv7syd-4/small-deployment-84, test-zv7syd-8/small-deployment-231, test-zv7syd-3/small-deployment-111, test-zv7syd-7/small-deployment-109, test-zv7syd-4/small-deployment-284, test-zv7syd-2/small-deployment-36, test-zv7syd-9/small-deployment-285]&#xA;:0</failure>
      </testcase>
      <testcase name="load: [step: 06] Scaling and updating objects" classname="ClusterLoaderV2" time="675.779896119"></testcase>
      <testcase name="load: [step: 07] Waiting for objects to become scaled" classname="ClusterLoaderV2" time="1441.20018642">
          <failure type="Failure">:0&#xA;[measurement call WaitForControlledPodsRunning - WaitForRunningDeployments error: 33 objects timed out: Deployments: test-zv7syd-8/small-deployment-66, test-zv7syd-6/small-deployment-50, test-zv7syd-1/medium-deployment-5, test-zv7syd-8/small-deployment-231, test-zv7syd-2/small-deployment-273, test-zv7syd-4/small-deployment-23, test-zv7syd-1/small-deployment-4, test-zv7syd-4/small-deployment-24, test-zv7syd-4/small-deployment-56, test-zv7syd-6/small-deployment-137, test-zv7syd-7/small-deployment-274, test-zv7syd-6/medium-deployment-2, test-zv7syd-9/small-deployment-24, test-zv7syd-2/small-deployment-163, test-zv7syd-8/small-deployment-187, test-zv7syd-1/small-deployment-173, test-zv7syd-7/small-deployment-27, test-zv7syd-3/small-deployment-285, test-zv7syd-7/small-deployment-268, test-zv7syd-9/small-deployment-247, test-zv7syd-3/small-deployment-205, test-zv7syd-9/small-deployment-287, test-zv7syd-1/small-deployment-68, test-zv7syd-5/small-deployment-115, test-zv7syd-1/small-deployment-91, test-zv7syd-4/small-deployment-178, test-zv7syd-4/small-deployment-174, test-zv7syd-7/small-deployment-208, test-zv7syd-5/small-deployment-79, test-zv7syd-2/small-deployment-61, test-zv7syd-3/small-deployment-153, test-zv7syd-3/small-deployment-255, test-zv7syd-5/small-deployment-43]&#xA;:0</failure>
      </testcase>
      <testcase name="load: [step: 08] Deleting objects" classname="ClusterLoaderV2" time="2699.496457612"></testcase>
      <testcase name="load: [step: 09] Waiting for pods to be deleted" classname="ClusterLoaderV2" time="1024.07511525">
          <failure type="Failure">:0&#xA;[measurement call WaitForControlledPodsRunning - WaitForRunningDeployments error: 21 objects timed out: Deployments: test-zv7syd-4/small-deployment-63, test-zv7syd-2/small-deployment-162, test-zv7syd-5/small-deployment-288, test-zv7syd-6/small-deployment-203, test-zv7syd-6/small-deployment-283, test-zv7syd-1/small-deployment-281, test-zv7syd-9/small-deployment-186, test-zv7syd-6/small-deployment-250, test-zv7syd-5/small-deployment-272, test-zv7syd-4/small-deployment-263, test-zv7syd-7/small-deployment-99, test-zv7syd-8/medium-deployment-3, test-zv7syd-3/small-deployment-218, test-zv7syd-6/small-deployment-151, test-zv7syd-2/small-deployment-129, test-zv7syd-5/small-deployment-279, test-zv7syd-5/small-deployment-193, test-zv7syd-1/small-deployment-116, test-zv7syd-7/small-deployment-272, test-zv7syd-1/small-deployment-167, test-zv7syd-5/small-deployment-28]&#xA;:0</failure>
      </testcase>
      <testcase name="load: [step: 10] Deleting SVCs" classname="ClusterLoaderV2" time="349.986681"></testcase>
      <testcase name="load: [step: 11] Collecting measurements" classname="ClusterLoaderV2" time="50.313865267">
          <failure type="Failure">:0&#xA;[measurement call PodStartupLatency - PodStartupLatency error: pod startup: too high latency 90th percentile: got 5h1m44.262764625s expected: 1h0m0s&#xA;measurement call TestMetrics - TestMetrics error: [start needs to be executed before gather]]&#xA;:0</failure>
      </testcase>
  </testsuite>